# JRE version: OpenJDK Runtime Environment Temurin-17.0.2+8 (17.0.2+8) (build 17.0.2+8)
# Java VM: OpenJDK 64-Bit Server VM Temurin-17.0.2+8 (17.0.2+8, mixed mode, tiered, compressed oops, compressed class ptrs, g1 gc, windows-amd64)
GC Precious Log:
 CPUs: 2 total, 2 available
 Memory: 3508M
 Large Page Support: Disabled
 NUMA Support: Disabled
 Compressed Oops: Enabled (32-bit)
 Heap Region Size: 1M
 Heap Min Capacity: 256M
 Heap Initial Capacity: 256M
 Heap Max Capacity: 2G
 Pre-touch: Disabled
 Parallel Workers: 2
 Concurrent Workers: 1
 Concurrent Refinement Workers: 2
 Periodic GC: Disabled
 String Deduplication is enabled
Heap:
 garbage-first heap   total 262144K, used 66560K [0x0000000080000000, 0x0000000100000000)
  region size 1024K, 36 young (36864K), 6 survivors (6144K)
 Metaspace       used 42836K, committed 44032K, reserved 1089536K
  class space    used 4701K, committed 5120K, reserved 1048576K
GC Heap History (18 events):
Event: 3.660 GC heap before
{Heap before GC invocations=0 (full 0):
 garbage-first heap   total 262144K, used 11264K [0x0000000080000000, 0x0000000100000000)
  region size 1024K, 12 young (12288K), 0 survivors (0K)
 Metaspace       used 10553K, committed 10688K, reserved 1064960K
  class space    used 952K, committed 1024K, reserved 1048576K
}
Event: 3.682 GC heap after
{Heap after GC invocations=1 (full 0):
 garbage-first heap   total 262144K, used 2592K [0x0000000080000000, 0x0000000100000000)
  region size 1024K, 2 young (2048K), 2 survivors (2048K)
 Metaspace       used 10553K, committed 10688K, reserved 1064960K
  class space    used 952K, committed 1024K, reserved 1048576K
}
Event: 7.433 GC heap before
{Heap before GC invocations=1 (full 0):
 garbage-first heap   total 262144K, used 11808K [0x0000000080000000, 0x0000000100000000)
  region size 1024K, 12 young (12288K), 2 survivors (2048K)
 Metaspace       used 12187K, committed 12416K, reserved 1064960K
  class space    used 1106K, committed 1216K, reserved 1048576K
}
Event: 7.470 GC heap after
{Heap after GC invocations=2 (full 0):
 garbage-first heap   total 262144K, used 8192K [0x0000000080000000, 0x0000000100000000)
  region size 1024K, 2 young (2048K), 2 survivors (2048K)
 Metaspace       used 12187K, committed 12416K, reserved 1064960K
  class space    used 1106K, committed 1216K, reserved 1048576K
}
Event: 9.635 GC heap before
{Heap before GC invocations=2 (full 0):
 garbage-first heap   total 262144K, used 17408K [0x0000000080000000, 0x0000000100000000)
  region size 1024K, 12 young (12288K), 2 survivors (2048K)
 Metaspace       used 12515K, committed 12672K, reserved 1064960K
  class space    used 1133K, committed 1216K, reserved 1048576K
}
Event: 9.687 GC heap after
{Heap after GC invocations=3 (full 0):
 garbage-first heap   total 262144K, used 14147K [0x0000000080000000, 0x0000000100000000)
  region size 1024K, 2 young (2048K), 2 survivors (2048K)
 Metaspace       used 12515K, committed 12672K, reserved 1064960K
  class space    used 1133K, committed 1216K, reserved 1048576K
}
Event: 13.548 GC heap before
{Heap before GC invocations=3 (full 0):
 garbage-first heap   total 262144K, used 24387K [0x0000000080000000, 0x0000000100000000)
  region size 1024K, 12 young (12288K), 2 survivors (2048K)
 Metaspace       used 14217K, committed 14400K, reserved 1064960K
  class space    used 1305K, committed 1408K, reserved 1048576K
}
Event: 13.622 GC heap after
{Heap after GC invocations=4 (full 0):
 garbage-first heap   total 262144K, used 17282K [0x0000000080000000, 0x0000000100000000)
  region size 1024K, 2 young (2048K), 2 survivors (2048K)
 Metaspace       used 14217K, committed 14400K, reserved 1064960K
  class space    used 1305K, committed 1408K, reserved 1048576K
}
Event: 15.276 GC heap before
{Heap before GC invocations=4 (full 0):
 garbage-first heap   total 262144K, used 29570K [0x0000000080000000, 0x0000000100000000)
  region size 1024K, 14 young (14336K), 2 survivors (2048K)
 Metaspace       used 14472K, committed 14720K, reserved 1064960K
  class space    used 1324K, committed 1472K, reserved 1048576K
}
Event: 15.291 GC heap after
{Heap after GC invocations=5 (full 0):
 garbage-first heap   total 262144K, used 17765K [0x0000000080000000, 0x0000000100000000)
  region size 1024K, 1 young (1024K), 1 survivors (1024K)
 Metaspace       used 14472K, committed 14720K, reserved 1064960K
  class space    used 1324K, committed 1472K, reserved 1048576K
}
Event: 24.135 GC heap before
{Heap before GC invocations=5 (full 0):
 garbage-first heap   total 262144K, used 39269K [0x0000000080000000, 0x0000000100000000)
  region size 1024K, 24 young (24576K), 1 survivors (1024K)
 Metaspace       used 21086K, committed 21504K, reserved 1073152K
  class space    used 2053K, committed 2240K, reserved 1048576K
}
Event: 24.165 GC heap after
{Heap after GC invocations=6 (full 0):
 garbage-first heap   total 262144K, used 22528K [0x0000000080000000, 0x0000000100000000)
  region size 1024K, 4 young (4096K), 4 survivors (4096K)
 Metaspace       used 21086K, committed 21504K, reserved 1073152K
  class space    used 2053K, committed 2240K, reserved 1048576K
}
Event: 42.159 GC heap before
{Heap before GC invocations=7 (full 0):
 garbage-first heap   total 262144K, used 68608K [0x0000000080000000, 0x0000000100000000)
  region size 1024K, 50 young (51200K), 4 survivors (4096K)
 Metaspace       used 35167K, committed 36096K, reserved 1081344K
  class space    used 3796K, committed 4160K, reserved 1048576K
}
Event: 42.226 GC heap after
{Heap after GC invocations=8 (full 0):
 garbage-first heap   total 262144K, used 30060K [0x0000000080000000, 0x0000000100000000)
  region size 1024K, 8 young (8192K), 8 survivors (8192K)
 Metaspace       used 35167K, committed 36096K, reserved 1081344K
  class space    used 3796K, committed 4160K, reserved 1048576K
}
Event: 46.651 GC heap before
{Heap before GC invocations=9 (full 0):
 garbage-first heap   total 262144K, used 49516K [0x0000000080000000, 0x0000000100000000)
  region size 1024K, 27 young (27648K), 8 survivors (8192K)
 Metaspace       used 35484K, committed 36416K, reserved 1081344K
  class space    used 3833K, committed 4160K, reserved 1048576K
}
Event: 46.781 GC heap after
{Heap after GC invocations=10 (full 0):
 garbage-first heap   total 262144K, used 33539K [0x0000000080000000, 0x0000000100000000)
  region size 1024K, 4 young (4096K), 4 survivors (4096K)
 Metaspace       used 35484K, committed 36416K, reserved 1081344K
  class space    used 3833K, committed 4160K, reserved 1048576K
}
Event: 57.892 GC heap before
{Heap before GC invocations=10 (full 0):
 garbage-first heap   total 262144K, used 73475K [0x0000000080000000, 0x0000000100000000)
  region size 1024K, 42 young (43008K), 4 survivors (4096K)
 Metaspace       used 38793K, committed 39872K, reserved 1089536K
  class space    used 4206K, committed 4608K, reserved 1048576K
}
Event: 57.924 GC heap after
{Heap after GC invocations=11 (full 0):
 garbage-first heap   total 262144K, used 36864K [0x0000000080000000, 0x0000000100000000)
  region size 1024K, 6 young (6144K), 6 survivors (6144K)
 Metaspace       used 38793K, committed 39872K, reserved 1089536K
  class space    used 4206K, committed 4608K, reserved 1048576K
}

