# JRE version: OpenJDK Runtime Environment Temurin-17.0.2+8 (17.0.2+8) (build 17.0.2+8)
# Java VM: OpenJDK 64-Bit Server VM Temurin-17.0.2+8 (17.0.2+8, mixed mode, tiered, compressed oops, compressed class ptrs, g1 gc, windows-amd64)
GC Precious Log:
 CPUs: 2 total, 2 available
 Memory: 3508M
 Large Page Support: Disabled
 NUMA Support: Disabled
 Compressed Oops: Enabled (32-bit)
 Heap Region Size: 1M
 Heap Min Capacity: 256M
 Heap Initial Capacity: 256M
 Heap Max Capacity: 2G
 Pre-touch: Disabled
 Parallel Workers: 2
 Concurrent Workers: 1
 Concurrent Refinement Workers: 2
 Periodic GC: Disabled
 String Deduplication is enabled
Heap:
 garbage-first heap   total 262144K, used 28541K [0x0000000080000000, 0x0000000100000000)
  region size 1024K, 12 young (12288K), 5 survivors (5120K)
 Metaspace       used 23085K, committed 23680K, reserved 1073152K
  class space    used 2272K, committed 2496K, reserved 1048576K
GC Heap History (12 events):
Event: 3.237 GC heap before
{Heap before GC invocations=0 (full 0):
 garbage-first heap   total 262144K, used 11264K [0x0000000080000000, 0x0000000100000000)
  region size 1024K, 12 young (12288K), 0 survivors (0K)
 Metaspace       used 10566K, committed 10688K, reserved 1064960K
  class space    used 952K, committed 1024K, reserved 1048576K
}
Event: 3.258 GC heap after
{Heap after GC invocations=1 (full 0):
 garbage-first heap   total 262144K, used 2587K [0x0000000080000000, 0x0000000100000000)
  region size 1024K, 2 young (2048K), 2 survivors (2048K)
 Metaspace       used 10566K, committed 10688K, reserved 1064960K
  class space    used 952K, committed 1024K, reserved 1048576K
}
Event: 4.671 GC heap before
{Heap before GC invocations=1 (full 0):
 garbage-first heap   total 262144K, used 12827K [0x0000000080000000, 0x0000000100000000)
  region size 1024K, 12 young (12288K), 2 survivors (2048K)
 Metaspace       used 12201K, committed 12416K, reserved 1064960K
  class space    used 1106K, committed 1216K, reserved 1048576K
}
Event: 4.706 GC heap after
{Heap after GC invocations=2 (full 0):
 garbage-first heap   total 262144K, used 8192K [0x0000000080000000, 0x0000000100000000)
  region size 1024K, 2 young (2048K), 2 survivors (2048K)
 Metaspace       used 12201K, committed 12416K, reserved 1064960K
  class space    used 1106K, committed 1216K, reserved 1048576K
}
Event: 5.339 GC heap before
{Heap before GC invocations=2 (full 0):
 garbage-first heap   total 262144K, used 17408K [0x0000000080000000, 0x0000000100000000)
  region size 1024K, 12 young (12288K), 2 survivors (2048K)
 Metaspace       used 12532K, committed 12736K, reserved 1064960K
  class space    used 1133K, committed 1216K, reserved 1048576K
}
Event: 5.413 GC heap after
{Heap after GC invocations=3 (full 0):
 garbage-first heap   total 262144K, used 13730K [0x0000000080000000, 0x0000000100000000)
  region size 1024K, 2 young (2048K), 2 survivors (2048K)
 Metaspace       used 12532K, committed 12736K, reserved 1064960K
  class space    used 1133K, committed 1216K, reserved 1048576K
}
Event: 6.848 GC heap before
{Heap before GC invocations=3 (full 0):
 garbage-first heap   total 262144K, used 23970K [0x0000000080000000, 0x0000000100000000)
  region size 1024K, 12 young (12288K), 2 survivors (2048K)
 Metaspace       used 14214K, committed 14400K, reserved 1064960K
  class space    used 1306K, committed 1408K, reserved 1048576K
}
Event: 6.885 GC heap after
{Heap after GC invocations=4 (full 0):
 garbage-first heap   total 262144K, used 17311K [0x0000000080000000, 0x0000000100000000)
  region size 1024K, 2 young (2048K), 2 survivors (2048K)
 Metaspace       used 14214K, committed 14400K, reserved 1064960K
  class space    used 1306K, committed 1408K, reserved 1048576K
}
Event: 10.105 GC heap before
{Heap before GC invocations=4 (full 0):
 garbage-first heap   total 262144K, used 30623K [0x0000000080000000, 0x0000000100000000)
  region size 1024K, 15 young (15360K), 2 survivors (2048K)
 Metaspace       used 14913K, committed 15232K, reserved 1064960K
  class space    used 1377K, committed 1536K, reserved 1048576K
}
Event: 10.121 GC heap after
{Heap after GC invocations=5 (full 0):
 garbage-first heap   total 262144K, used 17795K [0x0000000080000000, 0x0000000100000000)
  region size 1024K, 1 young (1024K), 1 survivors (1024K)
 Metaspace       used 14913K, committed 15232K, reserved 1064960K
  class space    used 1377K, committed 1536K, reserved 1048576K
}
Event: 15.757 GC heap before
{Heap before GC invocations=5 (full 0):
 garbage-first heap   total 262144K, used 39299K [0x0000000080000000, 0x0000000100000000)
  region size 1024K, 24 young (24576K), 1 survivors (1024K)
 Metaspace       used 21091K, committed 21504K, reserved 1073152K
  class space    used 2058K, committed 2240K, reserved 1048576K
}
Event: 15.792 GC heap after
{Heap after GC invocations=6 (full 0):
 garbage-first heap   total 262144K, used 22397K [0x0000000080000000, 0x0000000100000000)
  region size 1024K, 5 young (5120K), 5 survivors (5120K)
 Metaspace       used 21091K, committed 21504K, reserved 1073152K
  class space    used 2058K, committed 2240K, reserved 1048576K
}

